Start testing: Dec 16 15:25 GMT
----------------------------------------------------------
1/1 Testing: myprog
1/1 Test: myprog
Command: "/home/tom/Development/jenkins-cpp-test/build/bin/myprog_test" "-r" "junit" "-o" "/home/tom/Development/jenkins-cpp-test/build/results.xml"
Directory: /home/tom/Development/jenkins-cpp-test/tests
"myprog" start time: Dec 16 15:25 GMT
Output:
----------------------------------------------------------
<end of output>
Test time =   0.02 sec
----------------------------------------------------------
Test Passed.
"myprog" end time: Dec 16 15:25 GMT
"myprog" time elapsed: 00:00:00
----------------------------------------------------------

End testing: Dec 16 15:25 GMT
