<?xml version="1.0" encoding="UTF-8"?>
<Site BuildName="Linux-c++"
	BuildStamp="20181216-1513-Experimental"
	Name="moray"
	Generator="ctest-3.11.2"
	CompilerName="/usr/bin/c++"
	CompilerVersion="8.2.1"
	OSName="Linux"
	Hostname="moray"
	OSRelease="4.18.14-200.fc28.x86_64"
	OSVersion="#1 SMP Mon Oct 15 13:16:27 UTC 2018"
	OSPlatform="x86_64"
	Is64Bits="1"
	VendorString="GenuineIntel"
	VendorID="Intel Corporation"
	FamilyID="6"
	ModelID="60"
	ProcessorCacheSize="8192"
	NumberOfLogicalCPU="8"
	NumberOfPhysicalCPU="4"
	TotalVirtualMemory="18431"
	TotalPhysicalMemory="15723"
	LogicalProcessorsPerPhysical="2"
	ProcessorClockFrequency="3801.9"
	>
	<DynamicAnalysis Checker="Valgrind">
		<StartDateTime>Dec 16 15:29 GMT</StartDateTime>
		<StartTestTime>1544974145</StartTestTime>
		<TestList>
			<Test>./tests/myprog</Test>
		</TestList>
		<DefectList/>
		<EndDateTime>Dec 16 15:29 GMT</EndDateTime>
		<EndTestTime>1544974146</EndTestTime>
		<ElapsedMinutes>0</ElapsedMinutes>
	</DynamicAnalysis>
</Site>
